{"name": "test_addition", "status": "failed", "statusDetails": {"message": "AssertionError: assert (2 + 2) == 1", "trace": ">   ???\nE   assert (2 + 2) == 1\n\n/home/sharan/PycharmProjects/PythonAutomation/Jun19_24/test_lab1.py:5: AssertionError"}, "start": 1718961477067, "stop": 1718961477067, "uuid": "ad9abe8f-71d5-4adc-9e7f-c51aa19e0cc7", "historyId": "04b4278c91dfbede49523321e766c79a", "testCaseId": "04b4278c91dfbede49523321e766c79a", "fullName": "Jun.test_lab1#test_addition", "labels": [{"name": "parentSuite", "value": "Jun"}, {"name": "suite", "value": "test_lab1"}, {"name": "host", "value": "user"}, {"name": "thread", "value": "10324-MainThread"}, {"name": "framework", "value": "pytest"}, {"name": "language", "value": "cpython3"}, {"name": "package", "value": "Jun.test_lab1"}]}